[2025-07-02T11:15:22.096+0530][0.010s][info][gc,init] CardTable entry size: 512
[2025-07-02T11:15:22.096+0530][0.010s][info][gc     ] Using G1
[2025-07-02T11:15:22.097+0530][0.011s][info][gc,init] Version: 21.0.7+6-LTS (release)
[2025-07-02T11:15:22.097+0530][0.011s][info][gc,init] CPUs: 16 total, 16 available
[2025-07-02T11:15:22.097+0530][0.011s][info][gc,init] Memory: 20332M
[2025-07-02T11:15:22.097+0530][0.011s][info][gc,init] Large Page Support: Disabled
[2025-07-02T11:15:22.097+0530][0.011s][info][gc,init] NUMA Support: Disabled
[2025-07-02T11:15:22.097+0530][0.011s][info][gc,init] Compressed Oops: Enabled (Zero based)
[2025-07-02T11:15:22.097+0530][0.011s][info][gc,init] Heap Region Size: 4M
[2025-07-02T11:15:22.097+0530][0.011s][info][gc,init] Heap Min Capacity: 8M
[2025-07-02T11:15:22.101+0530][0.015s][info][gc,init] Heap Initial Capacity: 320M
[2025-07-02T11:15:22.101+0530][0.015s][info][gc,init] Heap Max Capacity: 5084M
[2025-07-02T11:15:22.101+0530][0.015s][info][gc,init] Pre-touch: Disabled
[2025-07-02T11:15:22.101+0530][0.015s][info][gc,init] Parallel Workers: 13
[2025-07-02T11:15:22.101+0530][0.015s][info][gc,init] Concurrent Workers: 3
[2025-07-02T11:15:22.101+0530][0.015s][info][gc,init] Concurrent Refinement Workers: 13
[2025-07-02T11:15:22.101+0530][0.015s][info][gc,init] Periodic GC: Disabled
[2025-07-02T11:15:22.118+0530][0.031s][info][gc,metaspace] CDS archive(s) not mapped
[2025-07-02T11:15:22.118+0530][0.031s][info][gc,metaspace] Compressed class space mapped at: 0x0000000800000000-0x0000000840000000, reserved size: 1073741824
[2025-07-02T11:15:22.118+0530][0.031s][info][gc,metaspace] Narrow klass base: 0x0000000800000000, Narrow klass shift: 0, Narrow klass range: 0x40000000
